[ 2025-11-19 10:14:01,221 ] 51 root - INFO - Start data ingestion process
[ 2025-11-19 10:14:04,402 ] 56 root - INFO - Data ingestion completed. Artifact: DataIngestionArtifact(normal_file_path=PosixPath('artifacts/11_19_2025_10_13_59/data_ingestion/ds_norm.csv'), anomal_file_path=PosixPath('artifacts/11_19_2025_10_13_59/data_ingestion/ds_anom.csv'), combined_file_path=PosixPath('artifacts/11_19_2025_10_13_59/data_ingestion/ds_all.csv'))
[ 2025-11-19 10:14:04,404 ] 79 root - INFO - Initiate data validation process
[ 2025-11-19 10:14:05,078 ] 76 root - INFO - [DataValidation] required #columns = 6
[ 2025-11-19 10:14:05,078 ] 77 root - INFO - [DataValidation] df has #columns = 6
[ 2025-11-19 10:14:05,078 ] 76 root - INFO - [DataValidation] required #columns = 6
[ 2025-11-19 10:14:05,078 ] 77 root - INFO - [DataValidation] df has #columns = 6
[ 2025-11-19 10:14:05,078 ] 76 root - INFO - [DataValidation] required #columns = 6
[ 2025-11-19 10:14:05,078 ] 77 root - INFO - [DataValidation] df has #columns = 6
[ 2025-11-19 10:14:09,905 ] 69 root - INFO - [ModelTrainer] Loaded train/test features: X_train=(5688, 6), X_test=(2439, 6)
[ 2025-11-19 10:14:09,905 ] 163 root - INFO - [ModelTrainer] Starte GridSearchCV für RandomForest ...
[ 2025-11-19 10:14:22,060 ] 178 root - INFO - [ModelTrainer] Beste Parameter: {'max_depth': 6, 'max_features': 'sqrt', 'min_samples_leaf': 4, 'n_estimators': 40}
[ 2025-11-19 10:14:22,166 ] 199 root - INFO - [ModelTrainer] Confusion (rows=true [0,1] anomal,normal):
[[1219    0]
 [   0 1220]]
[ 2025-11-19 10:14:22,174 ] 202 root - INFO - [ModelTrainer] Classification report (test):
              precision    recall  f1-score   support

    anomalie       1.00      1.00      1.00      1219
      normal       1.00      1.00      1.00      1220

    accuracy                           1.00      2439
   macro avg       1.00      1.00      1.00      2439
weighted avg       1.00      1.00      1.00      2439

[ 2025-11-19 10:14:26,740 ] 244 root - INFO - [ModelTrainer] ✅ emlearn model.h geschrieben: artifacts/11_19_2025_10_13_59/model_trainer/model.h
[ 2025-11-19 10:14:26,740 ] 245 root - INFO - [ModelTrainer] ✅ model_info.json geschrieben: artifacts/11_19_2025_10_13_59/model_trainer/model_info.json
[ 2025-11-19 10:14:26,740 ] 12 root - INFO - training successfull. Pipeline finisched
